<?xml version="1.0" encoding="UTF-8"?>
<coverage generated="1777377098445" clover="3.2.0">
  <project timestamp="1777377098445" name="All files">
    <metrics statements="40" coveredstatements="40" conditionals="26" coveredconditionals="26" methods="6" coveredmethods="6" elements="72" coveredelements="72" complexity="0" loc="40" ncloc="40" packages="1" files="2" classes="2"/>
    <file name="provider-secret-ref.ts" path="/Users/chaholl/repos/altairalabs/omnia/dashboard/src/lib/k8s/provider-secret-ref.ts">
      <metrics statements="1" coveredstatements="1" conditionals="2" coveredconditionals="2" methods="1" coveredmethods="1"/>
      <line num="32" count="6" type="stmt"/>
    </file>
    <file name="providers.ts" path="/Users/chaholl/repos/altairalabs/omnia/dashboard/src/lib/k8s/providers.ts">
      <metrics statements="39" coveredstatements="39" conditionals="24" coveredconditionals="24" methods="5" coveredmethods="5"/>
      <line num="15" count="18" type="stmt"/>
      <line num="16" count="18" type="stmt"/>
      <line num="17" count="18" type="stmt"/>
      <line num="24" count="13" type="stmt"/>
      <line num="26" count="13" type="stmt"/>
      <line num="28" count="13" type="stmt"/>
      <line num="31" count="13" type="stmt"/>
      <line num="34" count="13" type="stmt"/>
      <line num="38" count="18" type="stmt"/>
      <line num="41" count="21" type="cond" truecount="2" falsecount="0"/>
      <line num="42" count="13" type="stmt"/>
      <line num="44" count="21" type="stmt"/>
      <line num="102" count="13" type="stmt"/>
      <line num="104" count="13" type="stmt"/>
      <line num="105" count="13" type="stmt"/>
      <line num="112" count="8" type="stmt"/>
      <line num="114" count="5" type="cond" truecount="2" falsecount="0"/>
      <line num="115" count="3" type="stmt"/>
      <line num="117" count="2" type="stmt"/>
      <line num="130" count="8" type="stmt"/>
      <line num="133" count="8" type="stmt"/>
      <line num="134" count="8" type="cond" truecount="2" falsecount="0"/>
      <line num="135" count="1" type="stmt"/>
      <line num="142" count="7" type="stmt"/>
      <line num="143" count="7" type="cond" truecount="2" falsecount="0"/>
      <line num="144" count="3" type="cond" truecount="2" falsecount="0"/>
      <line num="145" count="2" type="stmt"/>
      <line num="148" count="2" type="cond" truecount="2" falsecount="0"/>
      <line num="151" count="1" type="stmt"/>
      <line num="155" count="4" type="stmt"/>
      <line num="156" count="4" type="stmt"/>
      <line num="160" count="7" type="stmt"/>
      <line num="169" count="6" type="stmt"/>
      <line num="175" count="5" type="cond" truecount="2" falsecount="0"/>
      <line num="180" count="2" type="stmt"/>
      <line num="182" count="3" type="cond" truecount="2" falsecount="0"/>
      <line num="189" count="2" type="stmt"/>
      <line num="190" count="2" type="stmt"/>
      <line num="192" count="1" type="stmt"/>
    </file>
  </project>
</coverage>
