<?xml version="1.0" encoding="UTF-8"?>
<coverage generated="1777465145331" clover="3.2.0">
  <project timestamp="1777465145331" name="All files">
    <metrics statements="73" coveredstatements="73" conditionals="43" coveredconditionals="40" methods="9" coveredmethods="9" elements="125" coveredelements="122" complexity="0" loc="73" ncloc="73" packages="1" files="1" classes="1"/>
    <file name="service-token.js" path="/Users/chaholl/repos/altairalabs/omnia/dashboard/lib/service-token.js">
      <metrics statements="73" coveredstatements="73" conditionals="43" coveredconditionals="40" methods="9" coveredmethods="9"/>
      <line num="36" count="1" type="stmt"/>
      <line num="38" count="1" type="stmt"/>
      <line num="42" count="1" type="stmt"/>
      <line num="50" count="14" type="stmt"/>
      <line num="51" count="14" type="cond" truecount="2" falsecount="0"/>
      <line num="52" count="4" type="stmt"/>
      <line num="54" count="10" type="stmt"/>
      <line num="55" count="10" type="cond" truecount="2" falsecount="0"/>
      <line num="56" count="3" type="stmt"/>
      <line num="58" count="7" type="stmt"/>
      <line num="62" count="3" type="cond" truecount="2" falsecount="0"/>
      <line num="63" count="1" type="stmt"/>
      <line num="66" count="2" type="stmt"/>
      <line num="167" count="5" type="stmt"/>
      <line num="168" count="5" type="stmt"/>
      <line num="169" count="5" type="stmt"/>
      <line num="170" count="5" type="stmt"/>
      <line num="171" count="3" type="stmt"/>
      <line num="172" count="3" type="cond" truecount="2" falsecount="0"/>
      <line num="173" count="1" type="stmt"/>
      <line num="174" count="1" type="stmt"/>
      <line num="175" count="1" type="stmt"/>
      <line num="177" count="2" type="stmt"/>
      <line num="179" count="5" type="stmt"/>
      <line num="180" count="5" type="stmt"/>
      <line num="198" count="13" type="cond" truecount="2" falsecount="0"/>
      <line num="199" count="1" type="stmt"/>
      <line num="200" count="1" type="stmt"/>
      <line num="201" count="1" type="stmt"/>
      <line num="204" count="12" type="cond" truecount="2" falsecount="0"/>
      <line num="205" count="13" type="cond" truecount="4" falsecount="0"/>
      <line num="206" count="1" type="stmt"/>
      <line num="207" count="1" type="stmt"/>
      <line num="209" count="11" type="stmt"/>
      <line num="210" count="11" type="cond" truecount="2" falsecount="0"/>
      <line num="211" count="1" type="stmt"/>
      <line num="212" count="1" type="stmt"/>
      <line num="215" count="10" type="cond" truecount="1" falsecount="1"/>
      <line num="217" count="13" type="stmt"/>
      <line num="218" count="13" type="stmt"/>
      <line num="220" count="1" type="stmt"/>
      <line num="223" count="1" type="stmt"/>
      <line num="225" count="9" type="cond" truecount="2" falsecount="0"/>
      <line num="226" count="1" type="stmt"/>
      <line num="229" count="1" type="stmt"/>
      <line num="232" count="8" type="cond" truecount="2" falsecount="0"/>
      <line num="233" count="13" type="cond" truecount="2" falsecount="0"/>
      <line num="234" count="2" type="stmt"/>
      <line num="237" count="2" type="stmt"/>
      <line num="239" count="6" type="cond" truecount="2" falsecount="0"/>
      <line num="240" count="1" type="stmt"/>
      <line num="243" count="1" type="stmt"/>
      <line num="246" count="5" type="stmt"/>
      <line num="247" count="5" type="stmt"/>
      <line num="248" count="5" type="stmt"/>
      <line num="249" count="2" type="cond" truecount="1" falsecount="1"/>
      <line num="250" count="2" type="stmt"/>
      <line num="253" count="2" type="stmt"/>
      <line num="254" count="2" type="stmt"/>
      <line num="257" count="3" type="cond" truecount="2" falsecount="0"/>
      <line num="258" count="13" type="cond" truecount="2" falsecount="0"/>
      <line num="263" count="13" type="stmt"/>
      <line num="266" count="13" type="stmt"/>
      <line num="267" count="13" type="stmt"/>
      <line num="275" count="1" type="stmt"/>
      <line num="276" count="2" type="stmt"/>
      <line num="280" count="2" type="cond" truecount="1" falsecount="1"/>
      <line num="281" count="13" type="stmt"/>
      <line num="286" count="12" type="stmt"/>
      <line num="290" count="12" type="stmt"/>
      <line num="291" count="12" type="stmt"/>
      <line num="295" count="12" type="stmt"/>
      <line num="298" count="1" type="stmt"/>
    </file>
  </project>
</coverage>
