{"/Users/chaholl/repos/altairalabs/omnia/dashboard/src/lib/k8s/provider-secret-ref.ts": {"path":"/Users/chaholl/repos/altairalabs/omnia/dashboard/src/lib/k8s/provider-secret-ref.ts","statementMap":{"0":{"start":{"line":32,"column":2},"end":{"line":33,"column":null}}},"fnMap":{"0":{"name":"effectiveSecretRefName","decl":{"start":{"line":29,"column":16},"end":{"line":29,"column":null}},"loc":{"start":{"line":31,"column":22},"end":{"line":35,"column":null}},"line":31}},"branchMap":{"0":{"loc":{"start":{"line":33,"column":4},"end":{"line":33,"column":null}},"type":"binary-expr","locations":[{"start":{"line":33,"column":4},"end":{"line":33,"column":51}},{"start":{"line":33,"column":51},"end":{"line":33,"column":null}}],"line":33}},"s":{"0":6},"f":{"0":6},"b":{"0":[6,4]},"meta":{"lastBranch":1,"lastFunction":1,"lastStatement":1,"seen":{"f:29:16:29:Infinity":0,"s:32:2:33:Infinity":0,"b:33:4:33:51:33:51:33:Infinity":0}}}
,"/Users/chaholl/repos/altairalabs/omnia/dashboard/src/lib/k8s/providers.ts": {"path":"/Users/chaholl/repos/altairalabs/omnia/dashboard/src/lib/k8s/providers.ts","statementMap":{"0":{"start":{"line":15,"column":14},"end":{"line":15,"column":null}},"1":{"start":{"line":16,"column":16},"end":{"line":16,"column":null}},"2":{"start":{"line":17,"column":15},"end":{"line":17,"column":null}},"3":{"start":{"line":24,"column":13},"end":{"line":24,"column":null}},"4":{"start":{"line":26,"column":2},"end":{"line":32,"column":null}},"5":{"start":{"line":28,"column":4},"end":{"line":28,"column":null}},"6":{"start":{"line":31,"column":4},"end":{"line":31,"column":null}},"7":{"start":{"line":34,"column":2},"end":{"line":34,"column":null}},"8":{"start":{"line":38,"column":42},"end":{"line":38,"column":null}},"9":{"start":{"line":41,"column":2},"end":{"line":43,"column":null}},"10":{"start":{"line":42,"column":4},"end":{"line":42,"column":null}},"11":{"start":{"line":44,"column":2},"end":{"line":44,"column":null}},"12":{"start":{"line":102,"column":20},"end":{"line":102,"column":null}},"13":{"start":{"line":104,"column":2},"end":{"line":118,"column":null}},"14":{"start":{"line":105,"column":21},"end":{"line":111,"column":null}},"15":{"start":{"line":112,"column":4},"end":{"line":112,"column":null}},"16":{"start":{"line":114,"column":4},"end":{"line":116,"column":null}},"17":{"start":{"line":115,"column":6},"end":{"line":115,"column":null}},"18":{"start":{"line":117,"column":4},"end":{"line":117,"column":null}},"19":{"start":{"line":130,"column":20},"end":{"line":130,"column":null}},"20":{"start":{"line":133,"column":19},"end":{"line":133,"column":null}},"21":{"start":{"line":134,"column":2},"end":{"line":136,"column":null}},"22":{"start":{"line":135,"column":4},"end":{"line":135,"column":null}},"23":{"start":{"line":142,"column":2},"end":{"line":142,"column":null}},"24":{"start":{"line":143,"column":2},"end":{"line":157,"column":null}},"25":{"start":{"line":144,"column":4},"end":{"line":153,"column":null}},"26":{"start":{"line":145,"column":6},"end":{"line":145,"column":null}},"27":{"start":{"line":148,"column":6},"end":{"line":152,"column":null}},"28":{"start":{"line":151,"column":8},"end":{"line":151,"column":null}},"29":{"start":{"line":155,"column":4},"end":{"line":155,"column":null}},"30":{"start":{"line":156,"column":4},"end":{"line":156,"column":null}},"31":{"start":{"line":160,"column":19},"end":{"line":167,"column":null}},"32":{"start":{"line":169,"column":2},"end":{"line":169,"column":null}},"33":{"start":{"line":175,"column":2},"end":{"line":181,"column":null}},"34":{"start":{"line":180,"column":4},"end":{"line":180,"column":null}},"35":{"start":{"line":182,"column":2},"end":{"line":191,"column":null}},"36":{"start":{"line":189,"column":22},"end":{"line":189,"column":null}},"37":{"start":{"line":190,"column":4},"end":{"line":190,"column":null}},"38":{"start":{"line":192,"column":2},"end":{"line":192,"column":null}}},"fnMap":{"0":{"name":"createCustomObjectsClient","decl":{"start":{"line":23,"column":9},"end":{"line":23,"column":59}},"loc":{"start":{"line":23,"column":59},"end":{"line":35,"column":null}},"line":23},"1":{"name":"getClient","decl":{"start":{"line":40,"column":9},"end":{"line":40,"column":43}},"loc":{"start":{"line":40,"column":43},"end":{"line":45,"column":null}},"line":40},"2":{"name":"getProvider","decl":{"start":{"line":98,"column":22},"end":{"line":98,"column":null}},"loc":{"start":{"line":101,"column":36},"end":{"line":119,"column":null}},"line":101},"3":{"name":"updateProviderSecretRef","decl":{"start":{"line":125,"column":22},"end":{"line":125,"column":null}},"loc":{"start":{"line":129,"column":29},"end":{"line":170,"column":null}},"line":129},"4":{"name":"isNotFoundError","decl":{"start":{"line":174,"column":9},"end":{"line":174,"column":25}},"loc":{"start":{"line":174,"column":50},"end":{"line":193,"column":null}},"line":174}},"branchMap":{"0":{"loc":{"start":{"line":41,"column":2},"end":{"line":43,"column":null}},"type":"if","locations":[{"start":{"line":41,"column":2},"end":{"line":43,"column":null}},{"start":{},"end":{}}],"line":41},"1":{"loc":{"start":{"line":114,"column":4},"end":{"line":116,"column":null}},"type":"if","locations":[{"start":{"line":114,"column":4},"end":{"line":116,"column":null}},{"start":{},"end":{}}],"line":114},"2":{"loc":{"start":{"line":134,"column":2},"end":{"line":136,"column":null}},"type":"if","locations":[{"start":{"line":134,"column":2},"end":{"line":136,"column":null}},{"start":{},"end":{}}],"line":134},"3":{"loc":{"start":{"line":143,"column":2},"end":{"line":157,"column":null}},"type":"if","locations":[{"start":{"line":143,"column":2},"end":{"line":157,"column":null}},{"start":{"line":154,"column":9},"end":{"line":157,"column":null}}],"line":143},"4":{"loc":{"start":{"line":144,"column":4},"end":{"line":153,"column":null}},"type":"if","locations":[{"start":{"line":144,"column":4},"end":{"line":153,"column":null}},{"start":{},"end":{}}],"line":144},"5":{"loc":{"start":{"line":148,"column":6},"end":{"line":152,"column":null}},"type":"if","locations":[{"start":{"line":148,"column":6},"end":{"line":152,"column":null}},{"start":{},"end":{}}],"line":148},"6":{"loc":{"start":{"line":175,"column":2},"end":{"line":181,"column":null}},"type":"if","locations":[{"start":{"line":175,"column":2},"end":{"line":181,"column":null}},{"start":{},"end":{}}],"line":175},"7":{"loc":{"start":{"line":176,"column":4},"end":{"line":178,"column":null}},"type":"binary-expr","locations":[{"start":{"line":176,"column":4},"end":{"line":176,"column":null}},{"start":{"line":177,"column":4},"end":{"line":177,"column":null}},{"start":{"line":178,"column":4},"end":{"line":178,"column":null}}],"line":176},"8":{"loc":{"start":{"line":182,"column":2},"end":{"line":191,"column":null}},"type":"if","locations":[{"start":{"line":182,"column":2},"end":{"line":191,"column":null}},{"start":{},"end":{}}],"line":182},"9":{"loc":{"start":{"line":183,"column":4},"end":{"line":187,"column":null}},"type":"binary-expr","locations":[{"start":{"line":183,"column":4},"end":{"line":183,"column":null}},{"start":{"line":184,"column":4},"end":{"line":184,"column":null}},{"start":{"line":185,"column":4},"end":{"line":185,"column":null}},{"start":{"line":186,"column":4},"end":{"line":186,"column":null}},{"start":{"line":187,"column":5},"end":{"line":187,"column":null}}],"line":183}},"s":{"0":18,"1":18,"2":18,"3":13,"4":13,"5":13,"6":13,"7":13,"8":18,"9":21,"10":13,"11":21,"12":13,"13":13,"14":13,"15":8,"16":5,"17":3,"18":2,"19":8,"20":8,"21":8,"22":1,"23":7,"24":7,"25":3,"26":2,"27":2,"28":1,"29":4,"30":4,"31":7,"32":6,"33":5,"34":2,"35":3,"36":2,"37":2,"38":1},"f":{"0":13,"1":21,"2":13,"3":8,"4":5},"b":{"0":[13,8],"1":[3,2],"2":[1,7],"3":[3,4],"4":[2,1],"5":[1,1],"6":[2,3],"7":[5,5,5],"8":[2,1],"9":[3,3,3,2,2]},"meta":{"lastBranch":10,"lastFunction":5,"lastStatement":39,"seen":{"s:15:14:15:Infinity":0,"s:16:16:16:Infinity":1,"s:17:15:17:Infinity":2,"f:23:9:23:59":0,"s:24:13:24:Infinity":3,"s:26:2:32:Infinity":4,"s:28:4:28:Infinity":5,"s:31:4:31:Infinity":6,"s:34:2:34:Infinity":7,"s:38:42:38:Infinity":8,"f:40:9:40:43":1,"b:41:2:43:Infinity:undefined:undefined:undefined:undefined":0,"s:41:2:43:Infinity":9,"s:42:4:42:Infinity":10,"s:44:2:44:Infinity":11,"f:98:22:98:Infinity":2,"s:102:20:102:Infinity":12,"s:104:2:118:Infinity":13,"s:105:21:111:Infinity":14,"s:112:4:112:Infinity":15,"b:114:4:116:Infinity:undefined:undefined:undefined:undefined":1,"s:114:4:116:Infinity":16,"s:115:6:115:Infinity":17,"s:117:4:117:Infinity":18,"f:125:22:125:Infinity":3,"s:130:20:130:Infinity":19,"s:133:19:133:Infinity":20,"b:134:2:136:Infinity:undefined:undefined:undefined:undefined":2,"s:134:2:136:Infinity":21,"s:135:4:135:Infinity":22,"s:142:2:142:Infinity":23,"b:143:2:157:Infinity:154:9:157:Infinity":3,"s:143:2:157:Infinity":24,"b:144:4:153:Infinity:undefined:undefined:undefined:undefined":4,"s:144:4:153:Infinity":25,"s:145:6:145:Infinity":26,"b:148:6:152:Infinity:undefined:undefined:undefined:undefined":5,"s:148:6:152:Infinity":27,"s:151:8:151:Infinity":28,"s:155:4:155:Infinity":29,"s:156:4:156:Infinity":30,"s:160:19:167:Infinity":31,"s:169:2:169:Infinity":32,"f:174:9:174:25":4,"b:175:2:181:Infinity:undefined:undefined:undefined:undefined":6,"s:175:2:181:Infinity":33,"b:176:4:176:Infinity:177:4:177:Infinity:178:4:178:Infinity":7,"s:180:4:180:Infinity":34,"b:182:2:191:Infinity:undefined:undefined:undefined:undefined":8,"s:182:2:191:Infinity":35,"b:183:4:183:Infinity:184:4:184:Infinity:185:4:185:Infinity:186:4:186:Infinity:187:5:187:Infinity":9,"s:189:22:189:Infinity":36,"s:190:4:190:Infinity":37,"s:192:2:192:Infinity":38}}}
}
