{"/Users/chaholl/repos/altairalabs/omnia/dashboard/lib/service-token.js": {"path":"/Users/chaholl/repos/altairalabs/omnia/dashboard/lib/service-token.js","statementMap":{"0":{"start":{"line":36,"column":11},"end":{"line":36,"column":29}},"1":{"start":{"line":38,"column":27},"end":{"line":38,"column":52}},"2":{"start":{"line":42,"column":39},"end":{"line":42,"column":56}},"3":{"start":{"line":50,"column":17},"end":{"line":50,"column":41}},"4":{"start":{"line":51,"column":2},"end":{"line":53,"column":null}},"5":{"start":{"line":52,"column":4},"end":{"line":52,"column":null}},"6":{"start":{"line":54,"column":16},"end":{"line":54,"column":56}},"7":{"start":{"line":55,"column":2},"end":{"line":57,"column":null}},"8":{"start":{"line":56,"column":4},"end":{"line":56,"column":null}},"9":{"start":{"line":58,"column":2},"end":{"line":58,"column":null}},"10":{"start":{"line":62,"column":2},"end":{"line":62,"column":null}},"11":{"start":{"line":62,"column":12},"end":{"line":62,"column":null}},"12":{"start":{"line":63,"column":2},"end":{"line":68,"column":null}},"13":{"start":{"line":66,"column":18},"end":{"line":66,"column":26}},"14":{"start":{"line":167,"column":2},"end":{"line":181,"column":null}},"15":{"start":{"line":168,"column":19},"end":{"line":168,"column":21}},"16":{"start":{"line":169,"column":16},"end":{"line":169,"column":17}},"17":{"start":{"line":170,"column":4},"end":{"line":178,"column":null}},"18":{"start":{"line":171,"column":6},"end":{"line":171,"column":null}},"19":{"start":{"line":172,"column":6},"end":{"line":176,"column":null}},"20":{"start":{"line":173,"column":8},"end":{"line":173,"column":null}},"21":{"start":{"line":174,"column":8},"end":{"line":174,"column":null}},"22":{"start":{"line":175,"column":8},"end":{"line":175,"column":null}},"23":{"start":{"line":177,"column":6},"end":{"line":177,"column":null}},"24":{"start":{"line":179,"column":4},"end":{"line":179,"column":null}},"25":{"start":{"line":179,"column":24},"end":{"line":179,"column":71}},"26":{"start":{"line":180,"column":4},"end":{"line":180,"column":null}},"27":{"start":{"line":198,"column":2},"end":{"line":202,"column":null}},"28":{"start":{"line":199,"column":4},"end":{"line":199,"column":null}},"29":{"start":{"line":200,"column":4},"end":{"line":200,"column":null}},"30":{"start":{"line":201,"column":4},"end":{"line":201,"column":null}},"31":{"start":{"line":204,"column":15},"end":{"line":204,"column":55}},"32":{"start":{"line":205,"column":2},"end":{"line":208,"column":null}},"33":{"start":{"line":206,"column":4},"end":{"line":206,"column":null}},"34":{"start":{"line":207,"column":4},"end":{"line":207,"column":null}},"35":{"start":{"line":209,"column":25},"end":{"line":209,"column":60}},"36":{"start":{"line":210,"column":2},"end":{"line":213,"column":null}},"37":{"start":{"line":211,"column":4},"end":{"line":211,"column":null}},"38":{"start":{"line":212,"column":4},"end":{"line":212,"column":null}},"39":{"start":{"line":215,"column":22},"end":{"line":215,"column":60}},"40":{"start":{"line":217,"column":2},"end":{"line":224,"column":null}},"41":{"start":{"line":218,"column":4},"end":{"line":218,"column":null}},"42":{"start":{"line":220,"column":4},"end":{"line":222,"column":null}},"43":{"start":{"line":223,"column":4},"end":{"line":223,"column":null}},"44":{"start":{"line":225,"column":2},"end":{"line":230,"column":null}},"45":{"start":{"line":226,"column":4},"end":{"line":228,"column":null}},"46":{"start":{"line":229,"column":4},"end":{"line":229,"column":null}},"47":{"start":{"line":232,"column":19},"end":{"line":232,"column":66}},"48":{"start":{"line":233,"column":2},"end":{"line":238,"column":null}},"49":{"start":{"line":234,"column":4},"end":{"line":236,"column":null}},"50":{"start":{"line":237,"column":4},"end":{"line":237,"column":null}},"51":{"start":{"line":239,"column":2},"end":{"line":244,"column":null}},"52":{"start":{"line":240,"column":4},"end":{"line":242,"column":null}},"53":{"start":{"line":243,"column":4},"end":{"line":243,"column":null}},"54":{"start":{"line":246,"column":13},"end":{"line":246,"column":15}},"55":{"start":{"line":247,"column":2},"end":{"line":255,"column":null}},"56":{"start":{"line":248,"column":16},"end":{"line":248,"column":35}},"57":{"start":{"line":249,"column":4},"end":{"line":251,"column":null}},"58":{"start":{"line":250,"column":6},"end":{"line":250,"column":null}},"59":{"start":{"line":253,"column":4},"end":{"line":253,"column":null}},"60":{"start":{"line":254,"column":4},"end":{"line":254,"column":null}},"61":{"start":{"line":257,"column":16},"end":{"line":257,"column":64}},"62":{"start":{"line":258,"column":20},"end":{"line":258,"column":76}},"63":{"start":{"line":263,"column":18},"end":{"line":263,"column":64}},"64":{"start":{"line":266,"column":2},"end":{"line":277,"column":null}},"65":{"start":{"line":267,"column":4},"end":{"line":273,"column":null}},"66":{"start":{"line":275,"column":4},"end":{"line":275,"column":null}},"67":{"start":{"line":276,"column":4},"end":{"line":276,"column":null}},"68":{"start":{"line":280,"column":14},"end":{"line":280,"column":36}},"69":{"start":{"line":281,"column":2},"end":{"line":285,"column":null}},"70":{"start":{"line":286,"column":2},"end":{"line":286,"column":null}},"71":{"start":{"line":290,"column":18},"end":{"line":290,"column":38}},"72":{"start":{"line":291,"column":2},"end":{"line":294,"column":null}},"73":{"start":{"line":295,"column":2},"end":{"line":295,"column":null}},"74":{"start":{"line":298,"column":0},"end":{"line":303,"column":null}}},"fnMap":{"0":{"name":"saUsernameToAllowlistKey","decl":{"start":{"line":49,"column":9},"end":{"line":49,"column":33}},"loc":{"start":{"line":49,"column":44},"end":{"line":59,"column":null}},"line":49},"1":{"name":"parseAllowlist","decl":{"start":{"line":61,"column":9},"end":{"line":61,"column":23}},"loc":{"start":{"line":61,"column":29},"end":{"line":69,"column":null}},"line":61},"2":{"name":"(anonymous_2)","decl":{"start":{"line":66,"column":11},"end":{"line":66,"column":12}},"loc":{"start":{"line":66,"column":18},"end":{"line":66,"column":26}},"line":66},"3":{"name":"readBody","decl":{"start":{"line":166,"column":9},"end":{"line":166,"column":17}},"loc":{"start":{"line":166,"column":40},"end":{"line":182,"column":null}},"line":166},"4":{"name":"(anonymous_4)","decl":{"start":{"line":167,"column":21},"end":{"line":167,"column":22}},"loc":{"start":{"line":167,"column":42},"end":{"line":181,"column":3}},"line":167},"5":{"name":"(anonymous_5)","decl":{"start":{"line":170,"column":19},"end":{"line":170,"column":20}},"loc":{"start":{"line":170,"column":30},"end":{"line":178,"column":5}},"line":170},"6":{"name":"(anonymous_6)","decl":{"start":{"line":179,"column":18},"end":{"line":179,"column":19}},"loc":{"start":{"line":179,"column":24},"end":{"line":179,"column":71}},"line":179},"7":{"name":"handleServiceTokenRequest","decl":{"start":{"line":197,"column":15},"end":{"line":197,"column":40}},"loc":{"start":{"line":197,"column":57},"end":{"line":287,"column":null}},"line":197},"8":{"name":"writeJSON","decl":{"start":{"line":289,"column":9},"end":{"line":289,"column":18}},"loc":{"start":{"line":289,"column":38},"end":{"line":296,"column":null}},"line":289}},"branchMap":{"0":{"loc":{"start":{"line":51,"column":2},"end":{"line":53,"column":null}},"type":"if","locations":[{"start":{"line":51,"column":2},"end":{"line":53,"column":null}},{"start":{},"end":{}}],"line":51},"1":{"loc":{"start":{"line":55,"column":2},"end":{"line":57,"column":null}},"type":"if","locations":[{"start":{"line":55,"column":2},"end":{"line":57,"column":null}},{"start":{},"end":{}}],"line":55},"2":{"loc":{"start":{"line":62,"column":2},"end":{"line":62,"column":null}},"type":"if","locations":[{"start":{"line":62,"column":2},"end":{"line":62,"column":null}},{"start":{},"end":{}}],"line":62},"3":{"loc":{"start":{"line":166,"column":23},"end":{"line":166,"column":38}},"type":"default-arg","locations":[{"start":{"line":166,"column":34},"end":{"line":166,"column":38}}],"line":166},"4":{"loc":{"start":{"line":172,"column":6},"end":{"line":176,"column":null}},"type":"if","locations":[{"start":{"line":172,"column":6},"end":{"line":176,"column":null}},{"start":{},"end":{}}],"line":172},"5":{"loc":{"start":{"line":198,"column":2},"end":{"line":202,"column":null}},"type":"if","locations":[{"start":{"line":198,"column":2},"end":{"line":202,"column":null}},{"start":{},"end":{}}],"line":198},"6":{"loc":{"start":{"line":204,"column":15},"end":{"line":204,"column":55}},"type":"binary-expr","locations":[{"start":{"line":204,"column":15},"end":{"line":204,"column":26}},{"start":{"line":204,"column":30},"end":{"line":204,"column":55}}],"line":204},"7":{"loc":{"start":{"line":205,"column":2},"end":{"line":208,"column":null}},"type":"if","locations":[{"start":{"line":205,"column":2},"end":{"line":208,"column":null}},{"start":{},"end":{}}],"line":205},"8":{"loc":{"start":{"line":205,"column":6},"end":{"line":205,"column":42}},"type":"binary-expr","locations":[{"start":{"line":205,"column":6},"end":{"line":205,"column":11}},{"start":{"line":205,"column":15},"end":{"line":205,"column":42}}],"line":205},"9":{"loc":{"start":{"line":210,"column":2},"end":{"line":213,"column":null}},"type":"if","locations":[{"start":{"line":210,"column":2},"end":{"line":213,"column":null}},{"start":{},"end":{}}],"line":210},"10":{"loc":{"start":{"line":215,"column":22},"end":{"line":215,"column":60}},"type":"binary-expr","locations":[{"start":{"line":215,"column":22},"end":{"line":215,"column":38}},{"start":{"line":215,"column":42},"end":{"line":215,"column":60}}],"line":215},"11":{"loc":{"start":{"line":225,"column":2},"end":{"line":230,"column":null}},"type":"if","locations":[{"start":{"line":225,"column":2},"end":{"line":230,"column":null}},{"start":{},"end":{}}],"line":225},"12":{"loc":{"start":{"line":227,"column":54},"end":{"line":227,"column":79}},"type":"binary-expr","locations":[{"start":{"line":227,"column":54},"end":{"line":227,"column":66}},{"start":{"line":227,"column":70},"end":{"line":227,"column":79}}],"line":227},"13":{"loc":{"start":{"line":232,"column":44},"end":{"line":232,"column":65}},"type":"binary-expr","locations":[{"start":{"line":232,"column":44},"end":{"line":232,"column":59}},{"start":{"line":232,"column":63},"end":{"line":232,"column":65}}],"line":232},"14":{"loc":{"start":{"line":233,"column":2},"end":{"line":238,"column":null}},"type":"if","locations":[{"start":{"line":233,"column":2},"end":{"line":238,"column":null}},{"start":{},"end":{}}],"line":233},"15":{"loc":{"start":{"line":239,"column":2},"end":{"line":244,"column":null}},"type":"if","locations":[{"start":{"line":239,"column":2},"end":{"line":244,"column":null}},{"start":{},"end":{}}],"line":239},"16":{"loc":{"start":{"line":249,"column":4},"end":{"line":251,"column":null}},"type":"if","locations":[{"start":{"line":249,"column":4},"end":{"line":251,"column":null}},{"start":{},"end":{}}],"line":249},"17":{"loc":{"start":{"line":257,"column":16},"end":{"line":257,"column":64}},"type":"cond-expr","locations":[{"start":{"line":257,"column":49},"end":{"line":257,"column":59}},{"start":{"line":257,"column":62},"end":{"line":257,"column":64}}],"line":257},"18":{"loc":{"start":{"line":258,"column":20},"end":{"line":258,"column":76}},"type":"cond-expr","locations":[{"start":{"line":258,"column":57},"end":{"line":258,"column":71}},{"start":{"line":258,"column":74},"end":{"line":258,"column":76}}],"line":258},"19":{"loc":{"start":{"line":270,"column":13},"end":{"line":270,"column":30}},"type":"binary-expr","locations":[{"start":{"line":270,"column":13},"end":{"line":270,"column":18}},{"start":{"line":270,"column":22},"end":{"line":270,"column":30}}],"line":270},"20":{"loc":{"start":{"line":271,"column":17},"end":{"line":271,"column":38}},"type":"binary-expr","locations":[{"start":{"line":271,"column":17},"end":{"line":271,"column":26}},{"start":{"line":271,"column":30},"end":{"line":271,"column":38}}],"line":271},"21":{"loc":{"start":{"line":280,"column":14},"end":{"line":280,"column":36}},"type":"binary-expr","locations":[{"start":{"line":280,"column":14},"end":{"line":280,"column":29}},{"start":{"line":280,"column":33},"end":{"line":280,"column":36}}],"line":280}},"s":{"0":1,"1":1,"2":1,"3":14,"4":14,"5":4,"6":10,"7":10,"8":3,"9":7,"10":3,"11":2,"12":1,"13":2,"14":5,"15":5,"16":5,"17":5,"18":3,"19":3,"20":1,"21":1,"22":1,"23":2,"24":5,"25":5,"26":5,"27":13,"28":1,"29":1,"30":1,"31":12,"32":13,"33":1,"34":1,"35":11,"36":11,"37":1,"38":1,"39":10,"40":13,"41":13,"42":1,"43":1,"44":9,"45":1,"46":1,"47":8,"48":13,"49":2,"50":2,"51":6,"52":1,"53":1,"54":5,"55":5,"56":5,"57":2,"58":2,"59":2,"60":2,"61":3,"62":13,"63":13,"64":13,"65":13,"66":1,"67":2,"68":2,"69":13,"70":12,"71":12,"72":12,"73":12,"74":1},"f":{"0":14,"1":3,"2":2,"3":5,"4":5,"5":3,"6":5,"7":13,"8":12},"b":{"0":[4,10],"1":[3,7],"2":[2,1],"3":[5],"4":[1,2],"5":[1,12],"6":[12,12],"7":[1,12],"8":[11,11],"9":[1,10],"10":[10,0],"11":[1,8],"12":[1,1],"13":[8,13],"14":[2,11],"15":[1,5],"16":[2,0],"17":[13,13],"18":[2,13],"19":[2,13],"20":[2,13],"21":[0,13]},"meta":{"lastBranch":22,"lastFunction":9,"lastStatement":75,"seen":{"s:36:11:36:29":0,"s:38:27:38:52":1,"s:42:39:42:56":2,"f:49:9:49:33":0,"s:50:17:50:41":3,"b:51:2:53:Infinity:undefined:undefined:undefined:undefined":0,"s:51:2:53:Infinity":4,"s:52:4:52:Infinity":5,"s:54:16:54:56":6,"b:55:2:57:Infinity:undefined:undefined:undefined:undefined":1,"s:55:2:57:Infinity":7,"s:56:4:56:Infinity":8,"s:58:2:58:Infinity":9,"f:61:9:61:23":1,"b:62:2:62:Infinity:undefined:undefined:undefined:undefined":2,"s:62:2:62:Infinity":10,"s:62:12:62:Infinity":11,"s:63:2:68:Infinity":12,"f:66:11:66:12":2,"s:66:18:66:26":13,"f:166:9:166:17":3,"b:166:34:166:38":3,"s:167:2:181:Infinity":14,"f:167:21:167:22":4,"s:168:19:168:21":15,"s:169:16:169:17":16,"s:170:4:178:Infinity":17,"f:170:19:170:20":5,"s:171:6:171:Infinity":18,"b:172:6:176:Infinity:undefined:undefined:undefined:undefined":4,"s:172:6:176:Infinity":19,"s:173:8:173:Infinity":20,"s:174:8:174:Infinity":21,"s:175:8:175:Infinity":22,"s:177:6:177:Infinity":23,"s:179:4:179:Infinity":24,"f:179:18:179:19":6,"s:179:24:179:71":25,"s:180:4:180:Infinity":26,"f:197:15:197:40":7,"b:198:2:202:Infinity:undefined:undefined:undefined:undefined":5,"s:198:2:202:Infinity":27,"s:199:4:199:Infinity":28,"s:200:4:200:Infinity":29,"s:201:4:201:Infinity":30,"s:204:15:204:55":31,"b:204:15:204:26:204:30:204:55":6,"b:205:2:208:Infinity:undefined:undefined:undefined:undefined":7,"s:205:2:208:Infinity":32,"b:205:6:205:11:205:15:205:42":8,"s:206:4:206:Infinity":33,"s:207:4:207:Infinity":34,"s:209:25:209:60":35,"b:210:2:213:Infinity:undefined:undefined:undefined:undefined":9,"s:210:2:213:Infinity":36,"s:211:4:211:Infinity":37,"s:212:4:212:Infinity":38,"s:215:22:215:60":39,"b:215:22:215:38:215:42:215:60":10,"s:217:2:224:Infinity":40,"s:218:4:218:Infinity":41,"s:220:4:222:Infinity":42,"s:223:4:223:Infinity":43,"b:225:2:230:Infinity:undefined:undefined:undefined:undefined":11,"s:225:2:230:Infinity":44,"s:226:4:228:Infinity":45,"b:227:54:227:66:227:70:227:79":12,"s:229:4:229:Infinity":46,"s:232:19:232:66":47,"b:232:44:232:59:232:63:232:65":13,"b:233:2:238:Infinity:undefined:undefined:undefined:undefined":14,"s:233:2:238:Infinity":48,"s:234:4:236:Infinity":49,"s:237:4:237:Infinity":50,"b:239:2:244:Infinity:undefined:undefined:undefined:undefined":15,"s:239:2:244:Infinity":51,"s:240:4:242:Infinity":52,"s:243:4:243:Infinity":53,"s:246:13:246:15":54,"s:247:2:255:Infinity":55,"s:248:16:248:35":56,"b:249:4:251:Infinity:undefined:undefined:undefined:undefined":16,"s:249:4:251:Infinity":57,"s:250:6:250:Infinity":58,"s:253:4:253:Infinity":59,"s:254:4:254:Infinity":60,"s:257:16:257:64":61,"b:257:49:257:59:257:62:257:64":17,"s:258:20:258:76":62,"b:258:57:258:71:258:74:258:76":18,"s:263:18:263:64":63,"s:266:2:277:Infinity":64,"s:267:4:273:Infinity":65,"b:270:13:270:18:270:22:270:30":19,"b:271:17:271:26:271:30:271:38":20,"s:275:4:275:Infinity":66,"s:276:4:276:Infinity":67,"s:280:14:280:36":68,"b:280:14:280:29:280:33:280:36":21,"s:281:2:285:Infinity":69,"s:286:2:286:Infinity":70,"f:289:9:289:18":8,"s:290:18:290:38":71,"s:291:2:294:Infinity":72,"s:295:2:295:Infinity":73,"s:298:0:303:Infinity":74}}}
}
